TN:
SF:src/extensions/ext-parsers/syntaxHighlight.ts
FN:1,__name
FN:9,anonymous_1
FN:14,anonymous_2
FN:24,anonymous_3
FNDA:3,__name
FNDA:0,anonymous_1
FNDA:0,anonymous_2
FNDA:0,anonymous_3
FNF:4
FNH:1
BRDA:1,0,0,1
BRDA:1,1,0,3
BRF:2
BRH:2
DA:1,1
DA:2,3
DA:3,3
DA:4,1
DA:5,1
DA:6,1
DA:7,1
DA:8,1
DA:9,1
DA:10,0
DA:11,0
DA:12,0
DA:13,1
DA:14,1
DA:15,0
DA:16,0
DA:17,0
DA:18,0
DA:19,0
DA:20,0
DA:21,0
DA:22,1
DA:23,1
DA:24,1
DA:25,0
DA:26,0
DA:27,0
DA:28,0
DA:29,0
DA:30,0
DA:31,0
DA:32,0
DA:33,0
DA:34,0
DA:35,0
DA:36,0
DA:37,0
DA:38,0
DA:39,0
DA:40,0
DA:41,0
DA:42,1
DA:43,1
DA:44,1
DA:45,1
DA:46,1
DA:47,1
DA:48,1
DA:49,1
DA:50,1
DA:51,1
DA:52,1
DA:53,1
DA:54,1
DA:55,1
DA:56,1
DA:57,1
LH:30
LF:57
end_of_record
SF:src/extensions/htmlToJLM/index.ts
FN:2,__name
FN:10,anonymous_1
FN:12,onopentag
FN:18,ontext
FN:22,onclosetag
FNDA:2,__name
FNDA:9,anonymous_1
FNDA:10,onopentag
FNDA:4,ontext
FNDA:10,onclosetag
FNF:5
FNH:5
BRDA:1,0,0,2
BRDA:2,1,0,2
BRDA:10,2,0,9
BRDA:12,3,0,10
BRDA:13,4,0,4
BRDA:16,5,0,2
BRDA:17,6,0,8
BRDA:18,7,0,4
BRDA:19,8,0,0
BRDA:22,9,0,10
BRDA:24,10,0,2
BRDA:25,11,0,8
BRF:12
BRH:11
DA:1,2
DA:2,2
DA:3,2
DA:4,2
DA:5,2
DA:6,2
DA:7,2
DA:8,2
DA:9,2
DA:10,2
DA:11,9
DA:12,9
DA:13,10
DA:14,4
DA:15,10
DA:16,10
DA:17,10
DA:18,9
DA:19,4
DA:20,0
DA:21,0
DA:22,9
DA:23,10
DA:24,10
DA:25,10
DA:26,9
DA:27,9
DA:28,9
DA:29,9
DA:30,9
DA:31,2
DA:32,2
DA:33,2
DA:34,2
DA:35,2
DA:36,2
DA:37,2
DA:38,2
DA:39,2
DA:40,2
DA:41,2
DA:42,2
DA:43,2
DA:44,2
DA:45,2
DA:46,2
DA:47,2
DA:48,2
DA:49,2
DA:50,2
DA:51,2
DA:52,2
DA:53,2
DA:54,2
DA:55,2
DA:56,2
DA:57,2
DA:58,2
DA:59,2
DA:60,2
DA:61,2
DA:62,2
DA:63,2
DA:64,2
DA:65,2
DA:66,2
DA:67,2
DA:68,2
DA:69,2
DA:70,2
DA:71,2
DA:72,2
DA:73,2
DA:74,2
LH:72
LF:74
end_of_record
SF:src/frontmatter/index.ts
FN:3,__name
FN:9,anonymous_1
FN:12,getData
FN:18,anonymous_3
FN:22,frontmatter
FNDA:8,__name
FNDA:24,anonymous_1
FNDA:7,getData
FNDA:7,anonymous_3
FNDA:7,frontmatter
FNF:5
FNH:5
BRDA:1,0,0,2
BRDA:3,1,0,8
BRDA:9,2,0,24
BRDA:12,3,0,12
BRDA:12,4,0,7
BRDA:13,5,0,6
BRDA:14,6,0,4
BRDA:17,7,0,3
BRDA:18,8,0,7
BRDA:18,9,0,6
BRDA:22,10,0,7
BRF:11
BRH:11
DA:1,2
DA:2,2
DA:3,2
DA:4,8
DA:5,2
DA:6,2
DA:7,2
DA:8,2
DA:9,2
DA:10,24
DA:11,24
DA:12,2
DA:13,7
DA:14,7
DA:15,4
DA:16,4
DA:17,2
DA:18,2
DA:19,6
DA:20,6
DA:21,7
DA:22,2
DA:23,7
DA:24,7
DA:25,7
DA:26,7
DA:27,7
DA:28,7
DA:29,7
DA:30,7
DA:31,7
DA:32,7
DA:33,2
DA:34,2
DA:35,2
DA:36,2
DA:37,2
DA:38,2
DA:39,2
DA:40,2
DA:41,2
DA:42,2
DA:43,2
DA:44,2
DA:45,2
DA:46,2
DA:47,2
DA:48,2
DA:49,2
DA:50,2
DA:51,2
DA:52,2
DA:53,2
DA:54,2
DA:55,2
DA:56,2
DA:57,2
DA:58,2
DA:59,2
DA:60,2
DA:61,2
DA:62,2
DA:63,2
DA:64,2
DA:65,2
DA:66,2
DA:67,2
DA:68,2
DA:69,2
DA:70,2
DA:71,2
DA:72,2
DA:73,2
DA:74,2
DA:75,2
DA:76,2
DA:77,2
DA:78,2
DA:79,2
DA:80,2
DA:81,2
DA:82,2
DA:83,2
DA:84,2
DA:85,2
DA:86,2
LH:86
LF:86
end_of_record
SF:src/index.ts
FN:1,__name
FN:8,<static_initializer>
FN:8,<instance_members_initializer>
FN:12,Textile
FN:21,_init
FN:32,anonymous_5
FN:42,use
FN:45,parse
FNDA:1,__name
FNDA:1,<static_initializer>
FNDA:1,<instance_members_initializer>
FNDA:1,Textile
FNDA:31,_init
FNDA:0,anonymous_5
FNDA:0,use
FNDA:31,parse
FNF:8
FNH:6
BRDA:1,0,0,1
BRDA:1,1,0,1
BRDA:8,2,0,1
BRDA:8,3,0,1
BRDA:12,4,0,1
BRDA:16,5,0,0
BRDA:17,6,0,0
BRDA:21,7,0,31
BRDA:21,8,0,0
BRDA:24,9,0,0
BRDA:31,10,0,0
BRDA:45,11,0,31
BRDA:46,12,0,0
BRF:13
BRH:7
DA:1,1
DA:2,1
DA:3,1
DA:4,1
DA:5,1
DA:6,1
DA:7,1
DA:8,1
DA:9,1
DA:10,1
DA:11,1
DA:12,1
DA:13,1
DA:14,1
DA:15,1
DA:16,1
DA:17,1
DA:18,1
DA:19,1
DA:20,1
DA:21,1
DA:22,0
DA:23,31
DA:24,31
DA:25,0
DA:26,0
DA:27,0
DA:28,0
DA:29,31
DA:30,31
DA:31,31
DA:32,0
DA:33,0
DA:34,0
DA:35,0
DA:36,0
DA:37,0
DA:38,0
DA:39,0
DA:40,0
DA:41,31
DA:42,1
DA:43,0
DA:44,0
DA:45,1
DA:46,31
DA:47,1
DA:48,1
DA:49,1
DA:50,1
DA:51,1
DA:52,1
DA:53,1
DA:54,1
DA:55,1
DA:56,1
DA:57,1
DA:58,1
DA:59,1
DA:60,1
DA:61,1
DA:62,1
DA:63,1
DA:64,1
DA:65,1
DA:66,1
DA:67,1
DA:68,1
DA:69,1
DA:70,1
DA:71,1
DA:72,1
DA:73,1
DA:74,1
DA:75,1
DA:76,1
DA:77,1
DA:78,1
DA:79,1
DA:80,1
DA:81,1
DA:82,1
DA:83,1
DA:84,1
DA:85,1
DA:86,1
DA:87,1
DA:88,1
DA:89,1
DA:90,1
DA:91,1
DA:92,1
DA:93,1
DA:94,1
DA:95,1
DA:96,1
DA:97,1
LH:81
LF:97
end_of_record
SF:src/lib/builder.ts
FN:1,__name
FN:5,<instance_members_initializer>
FN:5,<static_initializer>
FN:7,Ribbon
FN:10,index
FN:11,save
FN:15,load
FN:21,advance
FN:26,skipWS
FN:30,lookbehind
FN:35,startsWith
FN:38,slice
FN:41,valueOf
FN:42,toString
FN:42,<instance_members_initializer>
FN:42,<static_initializer>
FN:44,Builder
FN:48,add
FN:59,anonymous_18
FN:62,merge
FN:63,linebreak
FN:65,get
FNDA:6,__name
FNDA:156,<instance_members_initializer>
FNDA:3,<static_initializer>
FNDA:156,Ribbon
FNDA:1,index
FNDA:662,save
FNDA:2,load
FNDA:766,advance
FNDA:0,skipWS
FNDA:562,lookbehind
FNDA:64,startsWith
FNDA:0,slice
FNDA:925,valueOf
FNDA:1220,toString
FNDA:129,<instance_members_initializer>
FNDA:3,<static_initializer>
FNDA:129,Builder
FNDA:601,add
FNDA:204,anonymous_18
FNDA:21,merge
FNDA:33,linebreak
FNDA:129,get
FNF:22
FNH:20
BRDA:1,0,0,3
BRDA:1,1,0,6
BRDA:5,2,0,156
BRDA:5,3,0,3
BRDA:7,4,0,156
BRDA:10,5,0,1
BRDA:11,6,0,662
BRDA:15,7,0,2
BRDA:21,8,0,766
BRDA:23,9,0,135
BRDA:23,10,0,631
BRDA:30,11,0,562
BRDA:32,12,0,0
BRDA:35,13,0,64
BRDA:41,14,0,925
BRDA:42,15,0,1220
BRDA:42,16,0,129
BRDA:42,17,0,3
BRDA:44,18,0,129
BRDA:45,19,0,0
BRDA:48,20,0,601
BRDA:48,21,0,548
BRDA:51,22,0,439
BRDA:54,23,0,162
BRDA:58,24,0,53
BRDA:60,25,0,109
BRDA:59,26,0,204
BRDA:62,27,0,20
BRDA:62,28,0,21
BRDA:63,29,0,33
BRDA:65,30,0,1
BRDA:65,31,0,129
BRF:32
BRH:30
DA:1,3
DA:2,6
DA:3,6
DA:4,3
DA:5,3
DA:6,3
DA:7,3
DA:8,156
DA:9,156
DA:10,3
DA:11,3
DA:12,662
DA:13,662
DA:14,662
DA:15,3
DA:16,2
DA:17,2
DA:18,2
DA:19,2
DA:20,2
DA:21,3
DA:22,766
DA:23,766
DA:24,766
DA:25,766
DA:26,3
DA:27,0
DA:28,0
DA:29,0
DA:30,0
DA:31,562
DA:32,562
DA:33,562
DA:34,562
DA:35,3
DA:36,64
DA:37,64
DA:38,0
DA:39,0
DA:40,0
DA:41,3
DA:42,3
DA:43,3
DA:44,3
DA:45,129
DA:46,0
DA:47,129
DA:48,3
DA:49,548
DA:50,548
DA:51,601
DA:52,439
DA:53,439
DA:54,601
DA:55,162
DA:56,162
DA:57,162
DA:58,162
DA:59,53
DA:60,162
DA:61,601
DA:62,20
DA:63,3
DA:64,33
DA:65,33
DA:66,129
DA:67,3
DA:68,3
DA:69,3
DA:70,3
DA:71,3
DA:72,3
DA:73,3
DA:74,3
DA:75,3
DA:76,3
DA:77,3
DA:78,3
DA:79,3
DA:80,3
DA:81,3
DA:82,3
DA:83,3
DA:84,3
DA:85,3
DA:86,3
DA:87,3
DA:88,3
DA:89,3
DA:90,3
DA:91,3
DA:92,3
DA:93,3
DA:94,3
LH:86
LF:94
end_of_record
SF:src/lib/jml-html.ts
FN:1,__name
FN:11,anonymous_1
FN:33,anonymous_2
FNDA:4,__name
FNDA:429,anonymous_1
FNDA:36,anonymous_2
FNF:3
FNH:3
BRDA:1,0,0,2
BRDA:1,1,0,4
BRDA:11,2,0,429
BRDA:11,3,0,262
BRDA:12,4,0,167
BRDA:14,5,0,155
BRDA:17,6,0,152
BRDA:18,7,0,39
BRDA:19,8,0,387
BRDA:21,9,0,53
BRDA:26,10,0,146
BRDA:29,11,0,9
BRDA:29,12,0,146
BRDA:25,13,0,0
BRDA:28,14,0,0
BRDA:33,15,0,36
BRF:16
BRH:14
DA:1,2
DA:2,4
DA:3,2
DA:4,2
DA:5,2
DA:6,2
DA:7,2
DA:8,2
DA:9,2
DA:10,2
DA:11,2
DA:12,429
DA:13,167
DA:14,167
DA:15,155
DA:16,155
DA:17,155
DA:18,155
DA:19,155
DA:20,155
DA:21,155
DA:22,53
DA:23,53
DA:24,155
DA:25,155
DA:26,155
DA:27,146
DA:28,146
DA:29,155
DA:30,146
DA:31,155
DA:32,2
DA:33,2
DA:34,36
DA:35,2
DA:36,2
DA:37,2
DA:38,2
DA:39,2
DA:40,2
DA:41,2
DA:42,2
DA:43,2
DA:44,2
DA:45,2
DA:46,2
DA:47,2
DA:48,2
DA:49,2
DA:50,2
DA:51,2
DA:52,2
DA:53,2
DA:54,2
DA:55,2
DA:56,2
DA:57,2
DA:58,2
DA:59,2
DA:60,2
DA:61,2
DA:62,2
DA:63,2
DA:64,2
DA:65,2
DA:66,2
DA:67,2
DA:68,2
DA:69,2
DA:70,2
LH:70
LF:70
end_of_record
SF:src/lib/parsers.ts
FN:1,__name
FN:13,copyAttr
FN:20,parseAttr
FN:33,anonymous_3
FN:103,parseGlyph
FN:139,parseHtmlAttr
FN:150,tokenize
FN:153,anonymous_7
FN:202,parseHtml
FN:225,parseInline
FN:346,listPad
FN:349,parseList
FN:405,fixLinks
FN:410,parseColgroup
FN:411,anonymous_14
FN:426,parseTable
FN:437,anonymous_16
FN:486,anonymous_17
FNDA:42,__name
FNDA:2,copyAttr
FNDA:134,parseAttr
FNDA:9,anonymous_3
FNDA:129,parseGlyph
FNDA:7,parseHtmlAttr
FNDA:1,tokenize
FNDA:0,anonymous_7
FNDA:1,parseHtml
FNDA:565,parseInline
FNDA:4,listPad
FNDA:2,parseList
FNDA:655,fixLinks
FNDA:1,parseColgroup
FNDA:6,anonymous_14
FNDA:64,parseTable
FNDA:9,anonymous_16
FNDA:6,anonymous_17
FNF:18
FNH:17
BRDA:1,0,0,3
BRDA:1,1,0,42
BRDA:13,2,0,2
BRDA:16,3,0,1
BRDA:20,4,0,109
BRDA:23,5,0,1
BRDA:23,6,0,108
BRDA:29,7,0,20
BRDA:30,8,0,0
BRDA:30,9,0,108
BRDA:30,10,0,134
BRDA:32,11,0,7
BRDA:40,12,0,127
BRDA:41,13,0,0
BRDA:50,14,0,127
BRDA:52,15,0,10
BRDA:54,16,0,1
BRDA:54,17,0,0
BRDA:54,18,0,0
BRDA:55,19,0,9
BRDA:57,20,0,11
BRDA:57,21,0,0
BRDA:58,22,0,0
BRDA:60,23,0,3
BRDA:60,24,0,117
BRDA:61,25,0,20
BRDA:61,26,0,99
BRDA:64,27,0,1
BRDA:66,28,0,98
BRDA:67,29,0,1
BRDA:70,30,0,115
BRDA:71,31,0,20
BRDA:71,32,0,97
BRDA:72,33,0,6
BRDA:73,34,0,0
BRDA:76,35,0,109
BRDA:77,36,0,44
BRDA:77,37,0,65
BRDA:78,38,0,0
BRDA:84,39,0,109
BRDA:84,40,0,65
BRDA:88,41,0,1
BRDA:89,42,0,64
BRDA:91,43,0,0
BRDA:92,44,0,108
BRDA:95,45,0,16
BRDA:96,46,0,108
BRDA:97,47,0,14
BRDA:97,48,0,108
BRDA:99,49,0,88
BRDA:100,50,0,20
BRDA:33,51,0,9
BRDA:35,52,0,8
BRDA:103,53,0,129
BRDA:105,54,0,22
BRDA:105,55,0,107
BRDA:139,56,0,6
BRDA:142,57,0,7
BRDA:143,58,0,6
BRDA:144,59,0,1
BRDA:150,60,0,1
BRDA:164,61,0,0
BRDA:165,62,0,0
BRDA:169,63,0,0
BRDA:169,64,0,0
BRDA:182,65,0,0
BRDA:182,66,0,0
BRDA:201,67,0,0
BRDA:202,68,0,1
BRDA:206,69,0,0
BRDA:206,70,0,0
BRDA:207,71,0,0
BRDA:224,72,0,0
BRDA:225,73,0,97
BRDA:228,74,0,565
BRDA:229,75,0,0
BRDA:231,76,0,3
BRDA:232,77,0,0
BRDA:234,78,0,562
BRDA:235,79,0,0
BRDA:237,80,0,562
BRDA:239,81,0,465
BRDA:240,82,0,11
BRDA:244,83,0,3
BRDA:245,84,0,8
BRDA:247,85,0,0
BRDA:249,86,0,0
BRDA:249,87,0,0
BRDA:252,88,0,0
BRDA:257,89,0,6
BRDA:257,90,0,6
BRDA:258,91,0,0
BRDA:265,92,0,2
BRDA:265,93,0,556
BRDA:265,94,0,555
BRDA:266,95,0,1
BRDA:267,96,0,0
BRDA:267,97,0,0
BRDA:268,98,0,0
BRDA:269,99,0,555
BRDA:270,100,0,0
BRDA:271,101,0,555
BRDA:271,102,0,0
BRDA:296,103,0,555
BRDA:297,104,0,1
BRDA:298,105,0,1
BRDA:303,106,0,0
BRDA:306,107,0,554
BRDA:307,108,0,7
BRDA:309,109,0,0
BRDA:311,110,0,547
BRDA:312,111,0,329
BRDA:314,112,0,543
BRDA:316,113,0,4
BRDA:320,114,0,2
BRDA:323,115,0,1
BRDA:325,116,0,3
BRDA:327,117,0,2
BRDA:327,118,0,0
BRDA:328,119,0,2
BRDA:331,120,0,0
BRDA:336,121,0,543
BRDA:340,122,0,0
BRDA:340,123,0,0
BRDA:346,124,0,4
BRDA:348,125,0,2
BRDA:349,126,0,2
BRDA:361,127,0,1
BRDA:364,128,0,0
BRDA:374,129,0,0
BRDA:377,130,0,0
BRDA:384,131,0,0
BRDA:386,132,0,0
BRDA:390,133,0,0
BRDA:390,134,0,0
BRDA:391,135,0,0
BRDA:392,136,0,0
BRDA:398,137,0,0
BRDA:399,138,0,0
BRDA:402,139,0,0
BRDA:403,140,0,0
BRDA:405,141,0,197
BRDA:407,142,0,6
BRDA:408,143,0,0
BRDA:409,144,0,655
BRDA:409,145,0,165
BRDA:410,146,0,1
BRDA:411,147,0,6
BRDA:412,148,0,5
BRDA:412,149,0,1
BRDA:413,150,0,0
BRDA:415,151,0,5
BRDA:415,152,0,1
BRDA:417,153,0,1
BRDA:419,154,0,4
BRDA:420,155,0,5
BRDA:426,156,0,5
BRDA:440,157,0,2
BRDA:441,158,0,1
BRDA:442,159,0,1
BRDA:447,160,0,0
BRDA:447,161,0,30
BRDA:448,162,0,1
BRDA:448,163,0,29
BRDA:449,164,0,6
BRDA:449,165,0,0
BRDA:450,166,0,4
BRDA:450,167,0,23
BRDA:453,168,0,18
BRDA:453,169,0,3
BRDA:454,170,0,0
BRDA:455,171,0,0
BRDA:457,172,0,64
BRDA:460,173,0,9
BRDA:460,174,0,55
BRDA:461,175,0,9
BRDA:461,176,0,1
BRDA:463,177,0,63
BRDA:463,178,0,10
BRDA:465,179,0,0
BRDA:479,180,0,25
BRDA:481,181,0,2
BRDA:481,182,0,1
BRDA:482,183,0,1
BRDA:487,184,0,3
BRDA:437,185,0,9
BRDA:437,186,0,5
BRDA:486,187,0,6
BRF:188
BRH:129
DA:1,3
DA:2,3
DA:3,3
DA:4,3
DA:5,3
DA:6,3
DA:7,3
DA:8,3
DA:9,3
DA:10,3
DA:11,3
DA:12,3
DA:13,3
DA:14,2
DA:15,2
DA:16,2
DA:17,1
DA:18,1
DA:19,1
DA:20,3
DA:21,109
DA:22,109
DA:23,109
DA:24,108
DA:25,108
DA:26,108
DA:27,108
DA:28,108
DA:29,109
DA:30,109
DA:31,134
DA:32,134
DA:33,7
DA:34,9
DA:35,7
DA:36,7
DA:37,7
DA:38,7
DA:39,7
DA:40,134
DA:41,134
DA:42,0
DA:43,0
DA:44,0
DA:45,0
DA:46,0
DA:47,0
DA:48,0
DA:49,0
DA:50,134
DA:51,127
DA:52,10
DA:53,10
DA:54,10
DA:55,10
DA:56,9
DA:57,9
DA:58,9
DA:59,0
DA:60,134
DA:61,134
DA:62,99
DA:63,99
DA:64,99
DA:65,1
DA:66,99
DA:67,99
DA:68,1
DA:69,1
DA:70,99
DA:71,134
DA:72,97
DA:73,6
DA:74,6
DA:75,6
DA:76,134
DA:77,134
DA:78,65
DA:79,0
DA:80,0
DA:81,0
DA:82,0
DA:83,0
DA:84,134
DA:85,65
DA:86,65
DA:87,65
DA:88,65
DA:89,65
DA:90,64
DA:91,65
DA:92,109
DA:93,108
DA:94,108
DA:95,109
DA:96,109
DA:97,109
DA:98,108
DA:99,109
DA:100,109
DA:101,20
DA:102,3
DA:103,3
DA:104,129
DA:105,129
DA:106,107
DA:107,107
DA:108,107
DA:109,107
DA:110,107
DA:111,107
DA:112,107
DA:113,107
DA:114,107
DA:115,107
DA:116,107
DA:117,107
DA:118,107
DA:119,107
DA:120,107
DA:121,107
DA:122,107
DA:123,107
DA:124,107
DA:125,107
DA:126,107
DA:127,107
DA:128,107
DA:129,107
DA:130,107
DA:131,107
DA:132,107
DA:133,107
DA:134,107
DA:135,107
DA:136,107
DA:137,107
DA:138,3
DA:139,3
DA:140,6
DA:141,6
DA:142,6
DA:143,7
DA:144,7
DA:145,7
DA:146,7
DA:147,7
DA:148,6
DA:149,3
DA:150,3
DA:151,1
DA:152,1
DA:153,1
DA:154,0
DA:155,0
DA:156,0
DA:157,0
DA:158,1
DA:159,1
DA:160,1
DA:161,1
DA:162,1
DA:163,1
DA:164,1
DA:165,1
DA:166,0
DA:167,1
DA:168,1
DA:169,1
DA:170,0
DA:171,0
DA:172,0
DA:173,0
DA:174,0
DA:175,0
DA:176,0
DA:177,0
DA:178,0
DA:179,0
DA:180,0
DA:181,1
DA:182,1
DA:183,0
DA:184,0
DA:185,0
DA:186,0
DA:187,0
DA:188,0
DA:189,0
DA:190,0
DA:191,0
DA:192,0
DA:193,0
DA:194,0
DA:195,0
DA:196,0
DA:197,0
DA:198,0
DA:199,0
DA:200,1
DA:201,1
DA:202,3
DA:203,1
DA:204,1
DA:205,1
DA:206,1
DA:207,1
DA:208,0
DA:209,0
DA:210,0
DA:211,0
DA:212,0
DA:213,0
DA:214,0
DA:215,0
DA:216,0
DA:217,0
DA:218,0
DA:219,0
DA:220,0
DA:221,0
DA:222,0
DA:223,1
DA:224,1
DA:225,3
DA:226,97
DA:227,97
DA:228,97
DA:229,565
DA:230,0
DA:231,565
DA:232,3
DA:233,3
DA:234,565
DA:235,565
DA:236,0
DA:237,565
DA:238,562
DA:239,565
DA:240,565
DA:241,11
DA:242,11
DA:243,11
DA:244,11
DA:245,565
DA:246,8
DA:247,8
DA:248,8
DA:249,8
DA:250,8
DA:251,8
DA:252,8
DA:253,8
DA:254,8
DA:255,8
DA:256,8
DA:257,8
DA:258,6
DA:259,6
DA:260,6
DA:261,6
DA:262,6
DA:263,6
DA:264,6
DA:265,565
DA:266,565
DA:267,1
DA:268,1
DA:269,565
DA:270,565
DA:271,565
DA:272,0
DA:273,0
DA:274,0
DA:275,0
DA:276,0
DA:277,0
DA:278,0
DA:279,0
DA:280,0
DA:281,0
DA:282,0
DA:283,0
DA:284,0
DA:285,0
DA:286,0
DA:287,0
DA:288,0
DA:289,0
DA:290,0
DA:291,0
DA:292,0
DA:293,0
DA:294,0
DA:295,0
DA:296,565
DA:297,565
DA:298,565
DA:299,1
DA:300,1
DA:301,1
DA:302,1
DA:303,1
DA:304,1
DA:305,1
DA:306,565
DA:307,565
DA:308,7
DA:309,7
DA:310,0
DA:311,7
DA:312,565
DA:313,329
DA:314,565
DA:315,543
DA:316,565
DA:317,4
DA:318,4
DA:319,4
DA:320,4
DA:321,2
DA:322,4
DA:323,4
DA:324,1
DA:325,4
DA:326,3
DA:327,4
DA:328,4
DA:329,4
DA:330,4
DA:331,4
DA:332,0
DA:333,0
DA:334,0
DA:335,4
DA:336,565
DA:337,543
DA:338,543
DA:339,543
DA:340,565
DA:341,97
DA:342,97
DA:343,97
DA:344,97
DA:345,3
DA:346,3
DA:347,4
DA:348,3
DA:349,3
DA:350,2
DA:351,2
DA:352,2
DA:353,2
DA:354,2
DA:355,2
DA:356,2
DA:357,2
DA:358,2
DA:359,2
DA:360,2
DA:361,2
DA:362,2
DA:363,2
DA:364,2
DA:365,0
DA:366,0
DA:367,0
DA:368,0
DA:369,0
DA:370,0
DA:371,0
DA:372,0
DA:373,2
DA:374,2
DA:375,0
DA:376,2
DA:377,2
DA:378,0
DA:379,0
DA:380,0
DA:381,2
DA:382,2
DA:383,2
DA:384,2
DA:385,2
DA:386,2
DA:387,0
DA:388,2
DA:389,2
DA:390,2
DA:391,2
DA:392,2
DA:393,2
DA:394,2
DA:395,2
DA:396,2
DA:397,2
DA:398,2
DA:399,2
DA:400,2
DA:401,2
DA:402,2
DA:403,2
DA:404,3
DA:405,3
DA:406,197
DA:407,197
DA:408,6
DA:409,197
DA:410,3
DA:411,1
DA:412,6
DA:413,6
DA:414,6
DA:415,6
DA:416,1
DA:417,5
DA:418,5
DA:419,6
DA:420,6
DA:421,1
DA:422,3
DA:423,3
DA:424,3
DA:425,3
DA:426,3
DA:427,5
DA:428,5
DA:429,5
DA:430,5
DA:431,5
DA:432,5
DA:433,5
DA:434,5
DA:435,5
DA:436,5
DA:437,5
DA:438,5
DA:439,5
DA:440,5
DA:441,5
DA:442,5
DA:443,1
DA:444,1
DA:445,1
DA:446,1
DA:447,5
DA:448,30
DA:449,29
DA:450,29
DA:451,23
DA:452,23
DA:453,23
DA:454,18
DA:455,18
DA:456,18
DA:457,18
DA:458,64
DA:459,64
DA:460,64
DA:461,64
DA:462,64
DA:463,64
DA:464,10
DA:465,10
DA:466,0
DA:467,64
DA:468,64
DA:469,64
DA:470,64
DA:471,64
DA:472,64
DA:473,64
DA:474,64
DA:475,64
DA:476,18
DA:477,18
DA:478,30
DA:479,5
DA:480,5
DA:481,5
DA:482,2
DA:483,2
DA:484,2
DA:485,2
DA:486,2
DA:487,5
DA:488,3
DA:489,3
DA:490,3
DA:491,3
DA:492,3
DA:493,3
DA:494,3
DA:495,3
DA:496,3
DA:497,3
DA:498,3
DA:499,3
DA:500,3
DA:501,3
DA:502,3
DA:503,3
DA:504,3
DA:505,3
DA:506,3
DA:507,3
DA:508,3
DA:509,3
DA:510,3
DA:511,3
DA:512,3
DA:513,3
DA:514,3
DA:515,3
DA:516,3
DA:517,3
DA:518,3
DA:519,3
DA:520,3
DA:521,3
DA:522,3
DA:523,3
DA:524,3
DA:525,3
DA:526,3
DA:527,3
DA:528,3
DA:529,3
DA:530,3
DA:531,3
DA:532,3
DA:533,3
DA:534,3
DA:535,3
DA:536,3
DA:537,3
DA:538,3
DA:539,3
DA:540,3
DA:541,3
DA:542,3
DA:543,3
DA:544,3
DA:545,3
DA:546,3
DA:547,3
DA:548,3
DA:549,3
DA:550,3
DA:551,3
DA:552,3
DA:553,3
DA:554,3
DA:555,3
DA:556,3
DA:557,3
DA:558,3
DA:559,3
DA:560,3
DA:561,3
DA:562,3
DA:563,3
DA:564,3
DA:565,3
DA:566,3
DA:567,3
DA:568,3
DA:569,3
DA:570,3
DA:571,3
DA:572,3
DA:573,3
DA:574,3
DA:575,3
DA:576,3
DA:577,3
DA:578,3
DA:579,3
DA:580,3
DA:581,3
DA:582,3
DA:583,3
DA:584,3
DA:585,3
DA:586,3
DA:587,3
DA:588,3
DA:589,3
DA:590,3
DA:591,3
DA:592,3
DA:593,3
DA:594,3
DA:595,3
DA:596,3
DA:597,3
DA:598,3
DA:599,3
DA:600,3
DA:601,3
DA:602,3
DA:603,3
DA:604,3
DA:605,3
DA:606,3
DA:607,3
DA:608,3
DA:609,3
DA:610,3
DA:611,3
DA:612,3
DA:613,3
DA:614,3
DA:615,3
DA:616,3
DA:617,3
DA:618,3
DA:619,3
DA:620,3
DA:621,3
DA:622,3
DA:623,3
DA:624,3
DA:625,3
DA:626,3
DA:627,3
DA:628,3
DA:629,3
DA:630,3
DA:631,3
DA:632,3
DA:633,3
DA:634,3
DA:635,3
DA:636,3
DA:637,3
DA:638,3
DA:639,3
DA:640,3
DA:641,3
DA:642,3
DA:643,3
DA:644,3
DA:645,3
DA:646,3
DA:647,3
DA:648,3
DA:649,3
DA:650,3
DA:651,3
DA:652,3
DA:653,3
DA:654,3
DA:655,3
DA:656,3
DA:657,3
DA:658,3
DA:659,3
DA:660,3
DA:661,3
DA:662,3
DA:663,3
DA:664,3
DA:665,3
DA:666,3
DA:667,3
DA:668,3
DA:669,3
DA:670,3
DA:671,3
DA:672,3
DA:673,3
DA:674,3
DA:675,3
DA:676,3
DA:677,3
DA:678,3
DA:679,3
DA:680,3
DA:681,3
DA:682,3
DA:683,3
DA:684,3
DA:685,3
DA:686,3
DA:687,3
DA:688,3
DA:689,3
DA:690,3
DA:691,3
DA:692,3
DA:693,3
DA:694,3
DA:695,3
DA:696,3
DA:697,3
DA:698,3
DA:699,3
DA:700,3
DA:701,3
DA:702,3
DA:703,3
DA:704,3
DA:705,3
DA:706,3
DA:707,3
DA:708,3
DA:709,3
DA:710,3
DA:711,3
DA:712,3
DA:713,3
DA:714,3
DA:715,3
DA:716,3
DA:717,3
DA:718,3
DA:719,3
DA:720,3
DA:721,3
DA:722,3
DA:723,3
DA:724,3
DA:725,3
DA:726,3
DA:727,3
DA:728,3
DA:729,3
DA:730,3
DA:731,3
DA:732,3
DA:733,3
DA:734,3
DA:735,3
DA:736,3
DA:737,3
DA:738,3
DA:739,3
DA:740,3
DA:741,3
DA:742,3
DA:743,3
DA:744,3
DA:745,3
DA:746,3
DA:747,3
DA:748,3
DA:749,3
DA:750,3
DA:751,3
DA:752,3
DA:753,3
DA:754,3
DA:755,3
DA:756,3
DA:757,3
DA:758,3
DA:759,3
DA:760,3
DA:761,3
DA:762,3
DA:763,3
DA:764,3
DA:765,3
DA:766,3
DA:767,3
DA:768,3
DA:769,3
DA:770,3
DA:771,3
DA:772,3
DA:773,3
DA:774,3
DA:775,3
DA:776,3
DA:777,3
DA:778,3
DA:779,3
DA:780,3
DA:781,3
DA:782,3
DA:783,3
DA:784,3
DA:785,3
DA:786,3
DA:787,3
DA:788,3
DA:789,3
DA:790,3
DA:791,3
DA:792,3
DA:793,3
DA:794,3
DA:795,3
DA:796,3
DA:797,3
DA:798,3
DA:799,3
DA:800,3
DA:801,3
DA:802,3
DA:803,3
DA:804,3
DA:805,3
DA:806,3
DA:807,3
DA:808,3
DA:809,3
DA:810,3
DA:811,3
DA:812,3
DA:813,3
DA:814,3
DA:815,3
DA:816,3
DA:817,3
DA:818,3
DA:819,3
DA:820,3
DA:821,3
DA:822,3
DA:823,3
DA:824,3
DA:825,3
DA:826,3
DA:827,3
DA:828,3
DA:829,3
DA:830,3
DA:831,3
DA:832,3
DA:833,3
DA:834,3
DA:835,3
DA:836,3
DA:837,3
DA:838,3
DA:839,3
DA:840,3
DA:841,3
DA:842,3
DA:843,3
DA:844,3
DA:845,3
DA:846,3
DA:847,3
DA:848,3
DA:849,3
DA:850,3
DA:851,3
DA:852,3
DA:853,3
DA:854,3
DA:855,3
DA:856,3
DA:857,3
DA:858,3
DA:859,3
DA:860,3
DA:861,3
DA:862,3
DA:863,3
DA:864,3
DA:865,3
DA:866,3
DA:867,3
DA:868,3
DA:869,3
DA:870,3
DA:871,3
DA:872,3
DA:873,3
DA:874,3
DA:875,3
DA:876,3
DA:877,3
DA:878,3
DA:879,3
DA:880,3
DA:881,3
DA:882,3
DA:883,3
DA:884,3
DA:885,3
DA:886,3
DA:887,3
DA:888,3
DA:889,3
DA:890,3
DA:891,3
DA:892,3
DA:893,3
DA:894,3
DA:895,3
DA:896,3
DA:897,3
DA:898,3
DA:899,3
DA:900,3
DA:901,3
DA:902,3
DA:903,3
DA:904,3
DA:905,3
DA:906,3
DA:907,3
DA:908,3
DA:909,3
DA:910,3
DA:911,3
DA:912,3
DA:913,3
DA:914,3
DA:915,3
DA:916,3
DA:917,3
DA:918,3
DA:919,3
DA:920,3
DA:921,3
DA:922,3
DA:923,3
DA:924,3
DA:925,3
DA:926,3
DA:927,3
DA:928,3
DA:929,3
DA:930,3
DA:931,3
DA:932,3
DA:933,3
DA:934,3
DA:935,3
DA:936,3
DA:937,3
DA:938,3
DA:939,3
DA:940,3
DA:941,3
DA:942,3
DA:943,3
DA:944,3
DA:945,3
DA:946,3
DA:947,3
DA:948,3
DA:949,3
DA:950,3
DA:951,3
DA:952,3
DA:953,3
DA:954,3
DA:955,3
DA:956,3
DA:957,3
DA:958,3
DA:959,3
DA:960,3
DA:961,3
DA:962,3
DA:963,3
DA:964,3
DA:965,3
DA:966,3
DA:967,3
DA:968,3
DA:969,3
DA:970,3
DA:971,3
DA:972,3
DA:973,3
DA:974,3
DA:975,3
DA:976,3
DA:977,3
DA:978,3
DA:979,3
DA:980,3
DA:981,3
DA:982,3
DA:983,3
DA:984,3
DA:985,3
DA:986,3
DA:987,3
DA:988,3
DA:989,3
DA:990,3
DA:991,3
DA:992,3
DA:993,3
DA:994,3
DA:995,3
DA:996,3
DA:997,3
DA:998,3
DA:999,3
DA:1000,3
DA:1001,3
DA:1002,3
DA:1003,3
DA:1004,3
DA:1005,3
DA:1006,3
DA:1007,3
DA:1008,3
DA:1009,3
DA:1010,3
DA:1011,3
DA:1012,3
DA:1013,3
DA:1014,3
DA:1015,3
DA:1016,3
DA:1017,3
DA:1018,3
DA:1019,3
DA:1020,3
DA:1021,3
DA:1022,3
DA:1023,3
DA:1024,3
DA:1025,3
DA:1026,3
DA:1027,3
DA:1028,3
DA:1029,3
DA:1030,3
DA:1031,3
DA:1032,3
DA:1033,3
DA:1034,3
DA:1035,3
DA:1036,3
DA:1037,3
DA:1038,3
DA:1039,3
DA:1040,3
DA:1041,3
DA:1042,3
DA:1043,3
DA:1044,3
DA:1045,3
DA:1046,3
DA:1047,3
DA:1048,3
DA:1049,3
DA:1050,3
DA:1051,3
DA:1052,3
DA:1053,3
DA:1054,3
DA:1055,3
DA:1056,3
DA:1057,3
DA:1058,3
DA:1059,3
DA:1060,3
DA:1061,3
DA:1062,3
DA:1063,3
DA:1064,3
LH:958
LF:1064
end_of_record
SF:src/lib/textile-jml.ts
FN:1,__name
FN:29,parseDefList
FN:52,extend
FN:56,paragraph
FN:57,anonymous_4
FN:66,textileToJML
FNDA:8,__name
FNDA:1,parseDefList
FNDA:1,extend
FNDA:20,paragraph
FNDA:20,anonymous_4
FNDA:33,textileToJML
FNF:6
FNH:6
BRDA:1,0,0,2
BRDA:1,1,0,8
BRDA:29,2,0,1
BRDA:49,3,0,0
BRDA:52,4,0,1
BRDA:54,5,0,0
BRDA:56,6,0,20
BRDA:57,7,0,0
BRDA:57,8,0,20
BRDA:57,9,0,12
BRDA:59,10,0,1
BRDA:60,11,0,19
BRDA:61,12,0,0
BRDA:62,13,0,9
BRDA:63,14,0,10
BRDA:66,15,0,32
BRDA:67,16,0,0
BRDA:73,17,0,33
BRDA:74,18,0,0
BRDA:83,19,0,17
BRDA:88,20,0,10
BRDA:96,21,0,2
BRDA:96,22,0,15
BRDA:98,23,0,16
BRDA:98,24,0,3
BRDA:98,25,0,2
BRDA:99,26,0,1
BRDA:101,27,0,1
BRDA:101,28,0,0
BRDA:108,29,0,16
BRDA:109,30,0,1
BRDA:110,31,0,0
BRDA:116,32,0,0
BRDA:118,33,0,15
BRDA:118,34,0,1
BRDA:118,35,0,14
BRDA:119,36,0,1
BRDA:119,37,0,13
BRDA:119,38,0,2
BRDA:120,39,0,11
BRDA:122,40,0,0
BRDA:126,41,0,0
BRDA:128,42,0,16
BRDA:128,43,0,0
BRDA:135,44,0,16
BRDA:136,45,0,0
BRDA:192,46,0,16
BRDA:193,47,0,0
BRDA:195,48,0,16
BRDA:197,49,0,2
BRDA:202,50,0,14
BRDA:203,51,0,1
BRDA:207,52,0,13
BRDA:208,53,0,5
BRDA:211,54,0,8
BRDA:217,55,0,0
BRF:56
BRH:41
DA:1,2
DA:2,8
DA:3,2
DA:4,2
DA:5,2
DA:6,2
DA:7,2
DA:8,2
DA:9,2
DA:10,2
DA:11,2
DA:12,2
DA:13,2
DA:14,2
DA:15,2
DA:16,2
DA:17,2
DA:18,2
DA:19,2
DA:20,2
DA:21,2
DA:22,2
DA:23,2
DA:24,2
DA:25,2
DA:26,2
DA:27,2
DA:28,2
DA:29,2
DA:30,1
DA:31,1
DA:32,1
DA:33,1
DA:34,1
DA:35,1
DA:36,1
DA:37,1
DA:38,1
DA:39,1
DA:40,1
DA:41,1
DA:42,1
DA:43,1
DA:44,1
DA:45,1
DA:46,1
DA:47,1
DA:48,1
DA:49,1
DA:50,2
DA:51,2
DA:52,2
DA:53,1
DA:54,1
DA:55,1
DA:56,2
DA:57,20
DA:58,12
DA:59,20
DA:60,20
DA:61,19
DA:62,19
DA:63,19
DA:64,10
DA:65,2
DA:66,2
DA:67,32
DA:68,32
DA:69,32
DA:70,32
DA:71,32
DA:72,32
DA:73,32
DA:74,33
DA:75,0
DA:76,0
DA:77,0
DA:78,0
DA:79,0
DA:80,0
DA:81,0
DA:82,33
DA:83,33
DA:84,17
DA:85,17
DA:86,17
DA:87,17
DA:88,17
DA:89,10
DA:90,10
DA:91,10
DA:92,10
DA:93,10
DA:94,17
DA:95,17
DA:96,17
DA:97,17
DA:98,17
DA:99,17
DA:100,17
DA:101,17
DA:102,0
DA:103,0
DA:104,1
DA:105,1
DA:106,1
DA:107,1
DA:108,17
DA:109,16
DA:110,1
DA:111,1
DA:112,1
DA:113,1
DA:114,1
DA:115,1
DA:116,1
DA:117,0
DA:118,16
DA:119,14
DA:120,13
DA:121,11
DA:122,11
DA:123,0
DA:124,0
DA:125,11
DA:126,17
DA:127,0
DA:128,33
DA:129,0
DA:130,0
DA:131,0
DA:132,0
DA:133,0
DA:134,0
DA:135,16
DA:136,33
DA:137,0
DA:138,0
DA:139,0
DA:140,0
DA:141,0
DA:142,0
DA:143,0
DA:144,0
DA:145,0
DA:146,0
DA:147,0
DA:148,0
DA:149,0
DA:150,0
DA:151,0
DA:152,0
DA:153,0
DA:154,0
DA:155,0
DA:156,0
DA:157,0
DA:158,0
DA:159,0
DA:160,0
DA:161,0
DA:162,0
DA:163,0
DA:164,0
DA:165,0
DA:166,0
DA:167,0
DA:168,0
DA:169,0
DA:170,0
DA:171,0
DA:172,0
DA:173,0
DA:174,0
DA:175,0
DA:176,0
DA:177,0
DA:178,0
DA:179,0
DA:180,0
DA:181,0
DA:182,0
DA:183,0
DA:184,0
DA:185,0
DA:186,0
DA:187,0
DA:188,0
DA:189,0
DA:190,0
DA:191,0
DA:192,33
DA:193,33
DA:194,0
DA:195,33
DA:196,16
DA:197,33
DA:198,2
DA:199,2
DA:200,2
DA:201,2
DA:202,33
DA:203,33
DA:204,1
DA:205,1
DA:206,1
DA:207,33
DA:208,33
DA:209,5
DA:210,5
DA:211,33
DA:212,8
DA:213,8
DA:214,8
DA:215,8
DA:216,32
DA:217,2
DA:218,2
DA:219,2
DA:220,2
DA:221,2
DA:222,2
DA:223,2
DA:224,2
DA:225,2
DA:226,2
DA:227,2
DA:228,2
DA:229,2
DA:230,2
DA:231,2
DA:232,2
DA:233,2
DA:234,2
DA:235,2
DA:236,2
DA:237,2
DA:238,2
DA:239,2
DA:240,2
DA:241,2
DA:242,2
DA:243,2
DA:244,2
DA:245,2
DA:246,2
DA:247,2
DA:248,2
DA:249,2
DA:250,2
DA:251,2
DA:252,2
DA:253,2
DA:254,2
DA:255,2
DA:256,2
DA:257,2
DA:258,2
DA:259,2
DA:260,2
DA:261,2
DA:262,2
DA:263,2
DA:264,2
DA:265,2
DA:266,2
DA:267,2
DA:268,2
DA:269,2
DA:270,2
DA:271,2
DA:272,2
DA:273,2
DA:274,2
DA:275,2
DA:276,2
DA:277,2
DA:278,2
DA:279,2
DA:280,2
DA:281,2
DA:282,2
DA:283,2
DA:284,2
DA:285,2
DA:286,2
DA:287,2
DA:288,2
DA:289,2
DA:290,2
DA:291,2
DA:292,2
DA:293,2
DA:294,2
DA:295,2
DA:296,2
DA:297,2
DA:298,2
DA:299,2
DA:300,2
DA:301,2
DA:302,2
DA:303,2
DA:304,2
DA:305,2
DA:306,2
DA:307,2
DA:308,2
DA:309,2
DA:310,2
DA:311,2
DA:312,2
DA:313,2
DA:314,2
DA:315,2
DA:316,2
DA:317,2
DA:318,2
DA:319,2
DA:320,2
DA:321,2
DA:322,2
DA:323,2
DA:324,2
DA:325,2
DA:326,2
DA:327,2
DA:328,2
DA:329,2
DA:330,2
DA:331,2
DA:332,2
DA:333,2
DA:334,2
DA:335,2
DA:336,2
DA:337,2
DA:338,2
DA:339,2
DA:340,2
DA:341,2
DA:342,2
DA:343,2
DA:344,2
DA:345,2
DA:346,2
DA:347,2
DA:348,2
DA:349,2
DA:350,2
DA:351,2
DA:352,2
DA:353,2
DA:354,2
DA:355,2
DA:356,2
DA:357,2
DA:358,2
DA:359,2
DA:360,2
DA:361,2
DA:362,2
DA:363,2
DA:364,2
DA:365,2
DA:366,2
DA:367,2
DA:368,2
DA:369,2
DA:370,2
DA:371,2
DA:372,2
DA:373,2
DA:374,2
DA:375,2
DA:376,2
DA:377,2
DA:378,2
DA:379,2
DA:380,2
DA:381,2
DA:382,2
DA:383,2
DA:384,2
DA:385,2
DA:386,2
DA:387,2
DA:388,2
DA:389,2
DA:390,2
DA:391,2
DA:392,2
DA:393,2
DA:394,2
DA:395,2
DA:396,2
DA:397,2
DA:398,2
DA:399,2
DA:400,2
DA:401,2
DA:402,2
DA:403,2
DA:404,2
DA:405,2
DA:406,2
DA:407,2
DA:408,2
DA:409,2
DA:410,2
DA:411,2
DA:412,2
DA:413,2
DA:414,2
DA:415,2
DA:416,2
DA:417,2
DA:418,2
DA:419,2
DA:420,2
DA:421,2
DA:422,2
DA:423,2
DA:424,2
DA:425,2
DA:426,2
DA:427,2
DA:428,2
DA:429,2
DA:430,2
DA:431,2
DA:432,2
DA:433,2
DA:434,2
DA:435,2
DA:436,2
DA:437,2
DA:438,2
DA:439,2
DA:440,2
LH:365
LF:440
end_of_record
SF:src/shares/constants.ts
FNF:0
FNH:0
BRDA:1,0,0,4
BRF:1
BRH:1
DA:1,4
DA:2,4
DA:3,4
DA:4,4
DA:5,4
DA:6,4
DA:7,4
DA:8,4
DA:9,4
DA:10,4
DA:11,4
DA:12,4
DA:13,4
DA:14,4
DA:15,4
DA:16,4
DA:17,4
DA:18,4
DA:19,4
DA:20,4
DA:21,4
DA:22,4
DA:23,4
DA:24,4
DA:25,4
DA:26,4
DA:27,4
DA:28,4
DA:29,4
DA:30,4
DA:31,4
DA:32,4
DA:33,4
DA:34,4
DA:35,4
DA:36,4
DA:37,4
DA:38,4
DA:39,4
DA:40,4
DA:41,4
DA:42,4
DA:43,4
DA:44,4
DA:45,4
DA:46,4
DA:47,4
DA:48,4
DA:49,4
DA:50,4
DA:51,4
DA:52,4
DA:53,4
DA:54,4
DA:55,4
DA:56,4
DA:57,4
DA:58,4
DA:59,4
DA:60,4
DA:61,4
DA:62,4
DA:63,4
DA:64,4
LH:64
LF:64
end_of_record
SF:src/shares/helpers.ts
FN:2,__name
FN:5,anonymous_1
FN:8,escapeHTML
FN:20,merge
FN:23,reIndent
FN:24,anonymous_5
FNDA:24,__name
FNDA:156,anonymous_1
FNDA:315,escapeHTML
FNDA:7,merge
FNDA:36,reIndent
FNDA:123,anonymous_5
FNF:6
FNH:6
BRDA:1,0,0,6
BRDA:2,1,0,24
BRDA:5,2,0,156
BRDA:6,3,0,54
BRDA:6,4,0,47
BRDA:8,5,0,315
BRDA:16,6,0,53
BRDA:16,7,0,256
BRDA:17,8,0,53
BRDA:19,9,0,256
BRDA:20,10,0,7
BRDA:22,11,0,4
BRDA:22,12,0,3
BRDA:23,13,0,36
BRDA:23,14,0,1
BRDA:23,15,0,3
BRDA:24,16,0,123
BRDA:26,17,0,36
BRDA:27,18,0,80
BRDA:29,19,0,30
BRDA:29,20,0,93
BRF:21
BRH:21
DA:1,6
DA:2,24
DA:3,24
DA:4,24
DA:5,6
DA:6,156
DA:7,47
DA:8,6
DA:9,315
DA:10,315
DA:11,315
DA:12,315
DA:13,315
DA:14,315
DA:15,315
DA:16,315
DA:17,315
DA:18,53
DA:19,315
DA:20,6
DA:21,7
DA:22,7
DA:23,6
DA:24,3
DA:25,123
DA:26,36
DA:27,123
DA:28,80
DA:29,6
DA:30,6
DA:31,6
DA:32,6
DA:33,6
DA:34,6
DA:35,6
DA:36,6
DA:37,6
DA:38,6
DA:39,6
DA:40,6
DA:41,6
DA:42,6
DA:43,6
DA:44,6
DA:45,6
DA:46,6
DA:47,6
DA:48,6
DA:49,6
DA:50,6
DA:51,6
DA:52,6
DA:53,6
DA:54,6
DA:55,6
DA:56,6
DA:57,6
DA:58,6
DA:59,6
DA:60,6
DA:61,6
DA:62,6
DA:63,6
DA:64,6
DA:65,6
DA:66,6
DA:67,6
DA:68,6
DA:69,6
DA:70,6
DA:71,6
DA:72,6
DA:73,6
DA:74,6
DA:75,6
DA:76,6
DA:77,6
DA:78,6
DA:79,6
LH:79
LF:79
end_of_record
SF:src/shares/re.ts
FN:2,__name
FN:41,escape_sc
FN:46,collapse
FN:50,expandPatterns
FN:53,anonymous_4
FN:58,isRegExp
FN:61,compile
FNDA:20,__name
FNDA:16,escape_sc
FNDA:5,collapse
FNDA:206,expandPatterns
FNDA:112,anonymous_4
FNDA:100,isRegExp
FNDA:100,compile
FNF:7
FNH:7
BRDA:1,0,0,4
BRDA:2,1,0,20
BRDA:41,2,0,16
BRDA:46,3,0,5
BRDA:50,4,0,206
BRDA:53,5,0,112
BRDA:54,6,0,0
BRDA:58,7,0,100
BRDA:61,8,0,100
BRDA:64,9,0,23
BRDA:64,10,0,23
BRDA:64,11,0,56
BRDA:66,12,0,16
BRDA:66,13,0,40
BRDA:68,14,0,48
BRDA:68,15,0,6
BRDA:68,16,0,25
BRDA:69,17,0,52
BRDA:71,18,0,25
BRDA:71,19,0,52
BRDA:72,20,0,36
BRDA:73,21,0,25
BRDA:73,22,0,42
BRDA:66,23,0,0
BRDA:67,24,0,0
BRDA:70,25,0,0
BRF:26
BRH:22
DA:1,4
DA:2,4
DA:3,20
DA:4,20
DA:5,20
DA:6,4
DA:7,4
DA:8,4
DA:9,4
DA:10,4
DA:11,4
DA:12,4
DA:13,4
DA:14,4
DA:15,4
DA:16,4
DA:17,4
DA:18,4
DA:19,4
DA:20,4
DA:21,4
DA:22,4
DA:23,4
DA:24,4
DA:25,4
DA:26,4
DA:27,4
DA:28,4
DA:29,4
DA:30,4
DA:31,4
DA:32,4
DA:33,4
DA:34,4
DA:35,4
DA:36,4
DA:37,4
DA:38,4
DA:39,4
DA:40,4
DA:41,4
DA:42,16
DA:43,16
DA:44,16
DA:45,4
DA:46,4
DA:47,5
DA:48,4
DA:49,4
DA:50,4
DA:51,206
DA:52,206
DA:53,206
DA:54,112
DA:55,0
DA:56,0
DA:57,0
DA:58,4
DA:59,100
DA:60,100
DA:61,4
DA:62,100
DA:63,100
DA:64,100
DA:65,56
DA:66,56
DA:67,100
DA:68,100
DA:69,100
DA:70,0
DA:71,100
DA:72,100
DA:73,100
DA:74,100
DA:75,100
DA:76,100
DA:77,100
DA:78,4
DA:79,4
DA:80,4
DA:81,4
DA:82,4
DA:83,4
DA:84,4
DA:85,4
DA:86,4
DA:87,4
DA:88,4
DA:89,4
DA:90,4
DA:91,4
DA:92,4
DA:93,4
DA:94,4
DA:95,4
DA:96,4
DA:97,4
DA:98,4
DA:99,4
DA:100,4
DA:101,4
DA:102,4
DA:103,4
DA:104,4
DA:105,4
DA:106,4
DA:107,4
DA:108,4
DA:109,4
DA:110,4
DA:111,4
DA:112,4
DA:113,4
DA:114,4
DA:115,4
DA:116,4
DA:117,4
DA:118,4
DA:119,4
DA:120,4
DA:121,4
DA:122,4
DA:123,4
DA:124,4
DA:125,4
DA:126,4
DA:127,4
DA:128,4
DA:129,4
DA:130,4
DA:131,4
DA:132,4
DA:133,4
DA:134,4
DA:135,4
DA:136,4
DA:137,4
DA:138,4
DA:139,4
DA:140,4
DA:141,4
DA:142,4
DA:143,4
DA:144,4
DA:145,4
DA:146,4
DA:147,4
DA:148,4
DA:149,4
DA:150,4
DA:151,4
DA:152,4
DA:153,4
DA:154,4
DA:155,4
DA:156,4
DA:157,4
DA:158,4
DA:159,4
DA:160,4
DA:161,4
DA:162,4
DA:163,4
DA:164,4
DA:165,4
DA:166,4
DA:167,4
DA:168,4
DA:169,4
DA:170,4
DA:171,4
DA:172,4
DA:173,4
DA:174,4
DA:175,4
DA:176,4
DA:177,4
DA:178,4
DA:179,4
DA:180,4
DA:181,4
DA:182,4
DA:183,4
DA:184,4
DA:185,4
DA:186,4
DA:187,4
DA:188,4
DA:189,4
DA:190,4
DA:191,4
DA:192,4
DA:193,4
DA:194,4
DA:195,4
DA:196,4
DA:197,4
DA:198,4
DA:199,4
DA:200,4
DA:201,4
DA:202,4
DA:203,4
DA:204,4
DA:205,4
DA:206,4
DA:207,4
DA:208,4
DA:209,4
DA:210,4
DA:211,4
DA:212,4
DA:213,4
DA:214,4
DA:215,4
DA:216,4
DA:217,4
LH:213
LF:217
end_of_record
SF:src/shares/retest.ts
FN:2,testBlock
FN:6,testComment
FN:7,testOpenTagBlock
FN:8,testOpenTag
FN:12,testCloseTag
FN:14,testDefList
FN:15,testList
FN:18,testTable
FNDA:108,testBlock
FNDA:572,testComment
FNDA:16,testOpenTagBlock
FNDA:556,testOpenTag
FNDA:1,testCloseTag
FNDA:14,testDefList
FNDA:16,testList
FNDA:13,testTable
FNF:8
FNH:8
BRDA:1,0,0,3
BRDA:2,1,0,108
BRDA:6,2,0,572
BRDA:7,3,0,16
BRDA:8,4,0,556
BRDA:12,5,0,1
BRDA:14,6,0,14
BRDA:15,7,0,16
BRDA:18,8,0,13
BRF:9
BRH:9
DA:1,3
DA:2,3
DA:3,108
DA:4,108
DA:5,108
DA:6,3
DA:7,3
DA:8,556
DA:9,556
DA:10,556
DA:11,556
DA:12,3
DA:13,1
DA:14,3
DA:15,3
DA:16,16
DA:17,16
DA:18,3
DA:19,13
DA:20,3
DA:21,3
DA:22,3
DA:23,3
DA:24,3
DA:25,3
DA:26,3
DA:27,3
DA:28,3
DA:29,3
DA:30,3
DA:31,3
DA:32,3
DA:33,3
DA:34,3
LH:34
LF:34
end_of_record
SF:tests/collapse.test.ts
FN:5,anonymous_0
FN:6,anonymous_1
FN:9,anonymous_2
FN:14,anonymous_3
FN:19,anonymous_4
FN:25,anonymous_5
FNDA:1,anonymous_0
FNDA:1,anonymous_1
FNDA:1,anonymous_2
FNDA:1,anonymous_3
FNDA:1,anonymous_4
FNDA:1,anonymous_5
FNF:6
FNH:6
BRDA:1,0,0,1
BRDA:5,1,0,1
BRDA:6,2,0,1
BRDA:9,3,0,1
BRDA:14,4,0,1
BRDA:19,5,0,1
BRDA:25,6,0,1
BRF:7
BRH:7
DA:1,1
DA:2,1
DA:3,1
DA:4,1
DA:5,1
DA:6,1
DA:7,1
DA:8,1
DA:9,1
DA:10,1
DA:11,1
DA:12,1
DA:13,1
DA:14,1
DA:15,1
DA:16,1
DA:17,1
DA:18,1
DA:19,1
DA:20,1
DA:21,1
DA:22,1
DA:23,1
DA:24,1
DA:25,1
DA:26,1
DA:27,1
DA:28,1
DA:29,1
DA:30,1
DA:31,1
DA:32,1
DA:33,1
DA:34,1
DA:35,1
DA:36,1
DA:37,1
DA:38,1
DA:39,1
DA:40,1
DA:41,1
LH:41
LF:41
end_of_record
SF:tests/extend.test.ts
FN:5,anonymous_0
FN:5,anonymous_1
FNDA:1,anonymous_0
FNDA:1,anonymous_1
FNF:2
FNH:2
BRDA:1,0,0,1
BRDA:5,1,0,1
BRDA:5,2,0,1
BRF:3
BRH:3
DA:1,1
DA:2,1
DA:3,1
DA:4,1
DA:5,1
DA:6,1
DA:7,1
DA:8,1
DA:9,1
DA:10,1
LH:10
LF:10
end_of_record
SF:tests/highlightCodeBlock.test.ts
FNF:0
FNH:0
BRDA:1,0,0,1
BRF:1
BRH:1
DA:1,1
DA:2,1
DA:3,1
DA:4,1
DA:5,0
DA:6,1
DA:7,0
DA:8,0
DA:9,0
DA:10,0
DA:11,0
DA:12,0
DA:13,0
DA:14,1
DA:15,0
DA:16,0
DA:17,0
DA:18,0
DA:19,0
DA:20,0
DA:21,0
DA:22,1
DA:23,0
DA:24,0
DA:25,0
DA:26,0
DA:27,0
DA:28,0
DA:29,0
DA:30,0
DA:31,0
DA:32,0
DA:33,1
DA:34,0
DA:35,0
DA:36,0
DA:37,0
DA:38,0
DA:39,0
DA:40,0
DA:41,0
DA:42,0
DA:43,0
DA:44,0
DA:45,0
DA:46,0
DA:47,0
DA:48,0
DA:49,0
LH:8
LF:49
end_of_record
SF:tests/html2ml.test.ts
FN:5,anonymous_0
FN:6,anonymous_1
FN:13,anonymous_2
FN:17,anonymous_3
FN:22,anonymous_4
FN:28,anonymous_5
FN:35,anonymous_6
FN:42,anonymous_7
FN:48,anonymous_8
FN:52,anonymous_9
FNDA:1,anonymous_0
FNDA:1,anonymous_1
FNDA:1,anonymous_2
FNDA:1,anonymous_3
FNDA:1,anonymous_4
FNDA:1,anonymous_5
FNDA:1,anonymous_6
FNDA:1,anonymous_7
FNDA:1,anonymous_8
FNDA:1,anonymous_9
FNF:10
FNH:10
BRDA:1,0,0,1
BRDA:5,1,0,1
BRDA:6,2,0,1
BRDA:13,3,0,1
BRDA:17,4,0,1
BRDA:22,5,0,1
BRDA:28,6,0,1
BRDA:35,7,0,1
BRDA:42,8,0,1
BRDA:48,9,0,1
BRDA:52,10,0,1
BRF:11
BRH:11
DA:1,1
DA:2,1
DA:3,1
DA:4,1
DA:5,1
DA:6,1
DA:7,1
DA:8,1
DA:9,1
DA:10,1
DA:11,1
DA:12,1
DA:13,1
DA:14,1
DA:15,1
DA:16,1
DA:17,1
DA:18,1
DA:19,1
DA:20,1
DA:21,1
DA:22,1
DA:23,1
DA:24,1
DA:25,1
DA:26,1
DA:27,1
DA:28,1
DA:29,1
DA:30,1
DA:31,1
DA:32,1
DA:33,1
DA:34,1
DA:35,1
DA:36,1
DA:37,1
DA:38,1
DA:39,1
DA:40,1
DA:41,1
DA:42,1
DA:43,1
DA:44,1
DA:45,1
DA:46,1
DA:47,1
DA:48,1
DA:49,1
DA:50,1
DA:51,1
DA:52,1
DA:53,1
DA:54,1
DA:55,1
DA:56,1
DA:57,1
DA:58,1
DA:59,1
DA:60,1
DA:61,1
DA:62,1
DA:63,1
DA:64,1
DA:65,1
DA:66,1
DA:67,1
DA:68,1
DA:69,1
LH:69
LF:69
end_of_record
SF:tests/htmlAttr.test.ts
FN:6,anonymous_0
FN:7,anonymous_1
FN:12,anonymous_2
FN:18,anonymous_3
FN:24,anonymous_4
FN:30,anonymous_5
FN:38,anonymous_6
FNDA:1,anonymous_0
FNDA:1,anonymous_1
FNDA:1,anonymous_2
FNDA:1,anonymous_3
FNDA:1,anonymous_4
FNDA:1,anonymous_5
FNDA:1,anonymous_6
FNF:7
FNH:7
BRDA:1,0,0,1
BRDA:6,1,0,1
BRDA:7,2,0,1
BRDA:12,3,0,1
BRDA:18,4,0,1
BRDA:24,5,0,1
BRDA:30,6,0,1
BRDA:38,7,0,1
BRF:8
BRH:8
DA:1,1
DA:2,1
DA:3,1
DA:4,1
DA:5,1
DA:6,1
DA:7,1
DA:8,1
DA:9,1
DA:10,1
DA:11,1
DA:12,1
DA:13,1
DA:14,1
DA:15,1
DA:16,1
DA:17,1
DA:18,1
DA:19,1
DA:20,1
DA:21,1
DA:22,1
DA:23,1
DA:24,1
DA:25,1
DA:26,1
DA:27,1
DA:28,1
DA:29,1
DA:30,1
DA:31,1
DA:32,1
DA:33,1
DA:34,1
DA:35,1
DA:36,1
DA:37,1
DA:38,1
DA:39,1
DA:40,1
DA:41,1
DA:42,1
DA:43,1
DA:44,1
DA:45,1
DA:46,1
DA:47,1
DA:48,1
DA:49,1
DA:50,1
DA:51,1
DA:52,1
DA:53,1
DA:54,1
DA:55,1
DA:56,1
LH:56
LF:56
end_of_record
SF:tests/htmls.test.ts
FN:7,anonymous_0
FN:9,anonymous_1
FN:13,anonymous_2
FN:20,anonymous_3
FN:25,anonymous_4
FN:30,anonymous_5
FN:30,anonymous_6
FN:36,anonymous_7
FN:41,anonymous_8
FN:47,anonymous_9
FN:53,anonymous_10
FN:58,anonymous_11
FN:62,anonymous_12
FN:68,anonymous_13
FN:73,anonymous_14
FN:75,anonymous_15
FN:79,anonymous_16
FN:90,anonymous_17
FN:91,anonymous_18
FN:108,anonymous_19
FN:108,anonymous_20
FN:113,anonymous_21
FN:116,anonymous_22
FN:120,anonymous_23
FN:120,anonymous_24
FN:127,anonymous_25
FN:127,anonymous_26
FN:133,anonymous_27
FN:140,anonymous_28
FN:146,anonymous_29
FN:154,anonymous_30
FN:155,anonymous_31
FN:159,anonymous_32
FN:163,anonymous_33
FN:185,anonymous_34
FN:198,anonymous_35
FN:199,anonymous_36
FN:203,anonymous_37
FN:213,anonymous_38
FN:226,anonymous_39
FN:236,anonymous_40
FNDA:1,anonymous_0
FNDA:1,anonymous_1
FNDA:1,anonymous_2
FNDA:1,anonymous_3
FNDA:1,anonymous_4
FNDA:1,anonymous_5
FNDA:1,anonymous_6
FNDA:1,anonymous_7
FNDA:1,anonymous_8
FNDA:1,anonymous_9
FNDA:1,anonymous_10
FNDA:1,anonymous_11
FNDA:1,anonymous_12
FNDA:1,anonymous_13
FNDA:1,anonymous_14
FNDA:1,anonymous_15
FNDA:1,anonymous_16
FNDA:1,anonymous_17
FNDA:1,anonymous_18
FNDA:1,anonymous_19
FNDA:1,anonymous_20
FNDA:1,anonymous_21
FNDA:1,anonymous_22
FNDA:1,anonymous_23
FNDA:1,anonymous_24
FNDA:1,anonymous_25
FNDA:1,anonymous_26
FNDA:1,anonymous_27
FNDA:1,anonymous_28
FNDA:1,anonymous_29
FNDA:1,anonymous_30
FNDA:1,anonymous_31
FNDA:1,anonymous_32
FNDA:1,anonymous_33
FNDA:1,anonymous_34
FNDA:1,anonymous_35
FNDA:1,anonymous_36
FNDA:1,anonymous_37
FNDA:1,anonymous_38
FNDA:1,anonymous_39
FNDA:1,anonymous_40
FNF:41
FNH:41
BRDA:1,0,0,1
BRDA:7,1,0,1
BRDA:9,2,0,1
BRDA:13,3,0,1
BRDA:20,4,0,1
BRDA:25,5,0,1
BRDA:30,6,0,1
BRDA:30,7,0,1
BRDA:36,8,0,1
BRDA:41,9,0,1
BRDA:47,10,0,1
BRDA:53,11,0,1
BRDA:58,12,0,1
BRDA:62,13,0,1
BRDA:68,14,0,1
BRDA:73,15,0,1
BRDA:75,16,0,1
BRDA:79,17,0,1
BRDA:90,18,0,1
BRDA:91,19,0,1
BRDA:108,20,0,1
BRDA:108,21,0,1
BRDA:113,22,0,1
BRDA:116,23,0,1
BRDA:120,24,0,1
BRDA:120,25,0,1
BRDA:127,26,0,1
BRDA:127,27,0,1
BRDA:133,28,0,1
BRDA:140,29,0,1
BRDA:146,30,0,1
BRDA:154,31,0,1
BRDA:155,32,0,1
BRDA:159,33,0,1
BRDA:163,34,0,1
BRDA:185,35,0,1
BRDA:198,36,0,1
BRDA:199,37,0,1
BRDA:203,38,0,1
BRDA:213,39,0,1
BRDA:226,40,0,1
BRDA:236,41,0,1
BRF:42
BRH:42
DA:1,1
DA:2,1
DA:3,1
DA:4,1
DA:5,1
DA:6,1
DA:7,1
DA:8,1
DA:9,1
DA:10,1
DA:11,1
DA:12,1
DA:13,1
DA:14,1
DA:15,1
DA:16,1
DA:17,1
DA:18,1
DA:19,1
DA:20,1
DA:21,1
DA:22,1
DA:23,1
DA:24,1
DA:25,1
DA:26,1
DA:27,1
DA:28,1
DA:29,1
DA:30,1
DA:31,1
DA:32,1
DA:33,1
DA:34,1
DA:35,1
DA:36,1
DA:37,1
DA:38,1
DA:39,1
DA:40,1
DA:41,1
DA:42,1
DA:43,1
DA:44,1
DA:45,1
DA:46,1
DA:47,1
DA:48,1
DA:49,1
DA:50,1
DA:51,1
DA:52,1
DA:53,1
DA:54,1
DA:55,1
DA:56,1
DA:57,1
DA:58,1
DA:59,1
DA:60,1
DA:61,1
DA:62,1
DA:63,1
DA:64,1
DA:65,1
DA:66,1
DA:67,1
DA:68,1
DA:69,1
DA:70,1
DA:71,1
DA:72,1
DA:73,1
DA:74,1
DA:75,1
DA:76,1
DA:77,1
DA:78,1
DA:79,1
DA:80,1
DA:81,1
DA:82,1
DA:83,1
DA:84,1
DA:85,1
DA:86,1
DA:87,1
DA:88,1
DA:89,1
DA:90,1
DA:91,1
DA:92,1
DA:93,1
DA:94,1
DA:95,1
DA:96,1
DA:97,1
DA:98,1
DA:99,1
DA:100,1
DA:101,1
DA:102,1
DA:103,1
DA:104,1
DA:105,1
DA:106,1
DA:107,1
DA:108,1
DA:109,1
DA:110,1
DA:111,1
DA:112,1
DA:113,1
DA:114,1
DA:115,1
DA:116,1
DA:117,1
DA:118,1
DA:119,1
DA:120,1
DA:121,1
DA:122,1
DA:123,1
DA:124,1
DA:125,1
DA:126,1
DA:127,1
DA:128,1
DA:129,1
DA:130,1
DA:131,1
DA:132,1
DA:133,1
DA:134,1
DA:135,1
DA:136,1
DA:137,1
DA:138,1
DA:139,1
DA:140,1
DA:141,1
DA:142,1
DA:143,1
DA:144,1
DA:145,1
DA:146,1
DA:147,1
DA:148,1
DA:149,1
DA:150,1
DA:151,1
DA:152,1
DA:153,1
DA:154,1
DA:155,1
DA:156,1
DA:157,1
DA:158,1
DA:159,1
DA:160,1
DA:161,1
DA:162,1
DA:163,1
DA:164,1
DA:165,1
DA:166,1
DA:167,1
DA:168,1
DA:169,1
DA:170,1
DA:171,1
DA:172,1
DA:173,1
DA:174,1
DA:175,1
DA:176,1
DA:177,1
DA:178,1
DA:179,1
DA:180,1
DA:181,1
DA:182,1
DA:183,1
DA:184,1
DA:185,1
DA:186,1
DA:187,1
DA:188,1
DA:189,1
DA:190,1
DA:191,1
DA:192,1
DA:193,1
DA:194,1
DA:195,1
DA:196,1
DA:197,1
DA:198,1
DA:199,1
DA:200,1
DA:201,1
DA:202,1
DA:203,1
DA:204,1
DA:205,1
DA:206,1
DA:207,1
DA:208,1
DA:209,1
DA:210,1
DA:211,1
DA:212,1
DA:213,1
DA:214,1
DA:215,1
DA:216,1
DA:217,1
DA:218,1
DA:219,1
DA:220,1
DA:221,1
DA:222,1
DA:223,1
DA:224,1
DA:225,1
DA:226,1
DA:227,1
DA:228,1
DA:229,1
DA:230,1
DA:231,1
DA:232,1
DA:233,1
DA:234,1
DA:235,1
DA:236,1
DA:237,1
DA:238,1
DA:239,1
DA:240,1
DA:241,1
DA:242,1
DA:243,1
DA:244,1
DA:245,1
DA:246,1
DA:247,1
DA:248,1
DA:249,1
DA:250,1
DA:251,1
DA:252,1
DA:253,1
DA:254,1
DA:255,1
DA:256,1
DA:257,1
DA:258,1
DA:259,1
DA:260,1
DA:261,1
DA:262,1
DA:263,1
DA:264,1
DA:265,1
DA:266,1
DA:267,1
DA:268,1
DA:269,1
DA:270,1
LH:270
LF:270
end_of_record
SF:tests/jml2html.test.ts
FN:4,anonymous_0
FN:6,anonymous_1
FN:10,anonymous_2
FN:16,anonymous_3
FN:22,anonymous_4
FN:28,anonymous_5
FNDA:1,anonymous_0
FNDA:1,anonymous_1
FNDA:1,anonymous_2
FNDA:1,anonymous_3
FNDA:1,anonymous_4
FNDA:1,anonymous_5
FNF:6
FNH:6
BRDA:1,0,0,1
BRDA:4,1,0,1
BRDA:6,2,0,1
BRDA:10,3,0,1
BRDA:16,4,0,1
BRDA:22,5,0,1
BRDA:28,6,0,1
BRF:7
BRH:7
DA:1,1
DA:2,1
DA:3,1
DA:4,1
DA:5,1
DA:6,1
DA:7,1
DA:8,1
DA:9,1
DA:10,1
DA:11,1
DA:12,1
DA:13,1
DA:14,1
DA:15,1
DA:16,1
DA:17,1
DA:18,1
DA:19,1
DA:20,1
DA:21,1
DA:22,1
DA:23,1
DA:24,1
DA:25,1
DA:26,1
DA:27,1
DA:28,1
DA:29,1
DA:30,1
DA:31,1
DA:32,1
DA:33,1
DA:34,1
DA:35,1
DA:36,1
DA:37,1
DA:38,1
DA:39,1
DA:40,1
DA:41,1
LH:41
LF:41
end_of_record
SF:tests/matter.test.ts
FN:5,anonymous_0
FN:6,anonymous_1
FN:11,anonymous_2
FN:19,anonymous_3
FN:27,anonymous_4
FN:36,anonymous_5
FN:45,anonymous_6
FN:51,anonymous_7
FNDA:1,anonymous_0
FNDA:1,anonymous_1
FNDA:1,anonymous_2
FNDA:1,anonymous_3
FNDA:1,anonymous_4
FNDA:1,anonymous_5
FNDA:1,anonymous_6
FNDA:1,anonymous_7
FNF:8
FNH:8
BRDA:1,0,0,1
BRDA:5,1,0,1
BRDA:6,2,0,1
BRDA:11,3,0,1
BRDA:19,4,0,1
BRDA:27,5,0,1
BRDA:36,6,0,1
BRDA:45,7,0,1
BRDA:51,8,0,1
BRF:9
BRH:9
DA:1,1
DA:2,1
DA:3,1
DA:4,1
DA:5,1
DA:6,1
DA:7,1
DA:8,1
DA:9,1
DA:10,1
DA:11,1
DA:12,1
DA:13,1
DA:14,1
DA:15,1
DA:16,1
DA:17,1
DA:18,1
DA:19,1
DA:20,1
DA:21,1
DA:22,1
DA:23,1
DA:24,1
DA:25,1
DA:26,1
DA:27,1
DA:28,1
DA:29,1
DA:30,1
DA:31,1
DA:32,1
DA:33,1
DA:34,1
DA:35,1
DA:36,1
DA:37,1
DA:38,1
DA:39,1
DA:40,1
DA:41,1
DA:42,1
DA:43,1
DA:44,1
DA:45,1
DA:46,1
DA:47,1
DA:48,1
DA:49,1
DA:50,1
DA:51,1
DA:52,1
DA:53,1
DA:54,1
DA:55,1
DA:56,1
DA:57,1
DA:58,1
DA:59,1
DA:60,1
DA:61,1
DA:62,1
DA:63,1
DA:64,1
DA:65,1
DA:66,1
DA:67,1
LH:67
LF:67
end_of_record
SF:tests/merge.test.ts
FN:5,anonymous_0
FN:6,anonymous_1
FN:11,anonymous_2
FN:17,anonymous_3
FN:23,anonymous_4
FNDA:1,anonymous_0
FNDA:1,anonymous_1
FNDA:1,anonymous_2
FNDA:1,anonymous_3
FNDA:1,anonymous_4
FNF:5
FNH:5
BRDA:1,0,0,1
BRDA:5,1,0,1
BRDA:6,2,0,1
BRDA:11,3,0,1
BRDA:17,4,0,1
BRDA:23,5,0,1
BRF:6
BRH:6
DA:1,1
DA:2,1
DA:3,1
DA:4,1
DA:5,1
DA:6,1
DA:7,1
DA:8,1
DA:9,1
DA:10,1
DA:11,1
DA:12,1
DA:13,1
DA:14,1
DA:15,1
DA:16,1
DA:17,1
DA:18,1
DA:19,1
DA:20,1
DA:21,1
DA:22,1
DA:23,1
DA:24,1
DA:25,1
DA:26,1
DA:27,1
DA:28,1
DA:29,1
DA:30,1
DA:31,1
DA:32,1
DA:33,1
DA:34,1
DA:35,1
DA:36,1
LH:36
LF:36
end_of_record
SF:tests/reindent.test.ts
FN:5,anonymous_0
FN:6,anonymous_1
FN:11,anonymous_2
FN:13,anonymous_3
FNDA:1,anonymous_0
FNDA:1,anonymous_1
FNDA:1,anonymous_2
FNDA:1,anonymous_3
FNF:4
FNH:4
BRDA:1,0,0,1
BRDA:5,1,0,1
BRDA:6,2,0,1
BRDA:11,3,0,1
BRDA:13,4,0,1
BRF:5
BRH:5
DA:1,1
DA:2,1
DA:3,1
DA:4,1
DA:5,1
DA:6,1
DA:7,1
DA:8,1
DA:9,1
DA:10,1
DA:11,1
DA:12,1
DA:13,1
DA:14,1
DA:15,1
DA:16,1
DA:17,1
DA:18,1
DA:19,1
DA:20,1
LH:20
LF:20
end_of_record
